<?xml version="1.0" encoding="UTF-8"?>
<testng-results ignored="0" total="1" passed="1" failed="0" skipped="0">
  <reporter-output>
  </reporter-output>
  <suite started-at="2023-08-28T13:28:22 IST" name="Default suite" finished-at="2023-08-28T13:28:41 IST" duration-ms="18723">
    <groups>
    </groups>
    <test started-at="2023-08-28T13:28:22 IST" name="Default test" finished-at="2023-08-28T13:28:41 IST" duration-ms="18723">
      <class name="BrowserStack.MobileBrowserTest">
        <test-method signature="mobileBrowser()[pri:0, instance:BrowserStack.MobileBrowserTest@32ee6fee]" started-at="2023-08-28T13:28:22 IST" name="mobileBrowser" finished-at="2023-08-28T13:28:41 IST" duration-ms="18668" status="PASS">
          <reporter-output>
          </reporter-output>
        </test-method> <!-- mobileBrowser -->
      </class> <!-- BrowserStack.MobileBrowserTest -->
    </test> <!-- Default test -->
  </suite> <!-- Default suite -->
</testng-results>
